Determining if the pthread_create exist failed with the following output:
Change Dir: /home/geffen-pi/sparrowhawk/control_center_ws/build/CMakeFiles/CMakeTmp

Run Build Command:"/usr/bin/make" "cmTC_eb908/fast"
/usr/bin/make -f CMakeFiles/cmTC_eb908.dir/build.make CMakeFiles/cmTC_eb908.dir/build
make[1]: Entering directory '/home/geffen-pi/sparrowhawk/control_center_ws/build/CMakeFiles/CMakeTmp'
Building C object CMakeFiles/cmTC_eb908.dir/CheckSymbolExists.c.o
/usr/bin/cc    -o CMakeFiles/cmTC_eb908.dir/CheckSymbolExists.c.o   -c /home/geffen-pi/sparrowhawk/control_center_ws/build/CMakeFiles/CMakeTmp/CheckSymbolExists.c
Linking C executable cmTC_eb908
/usr/bin/cmake -E cmake_link_script CMakeFiles/cmTC_eb908.dir/link.txt --verbose=1
/usr/bin/cc      -rdynamic CMakeFiles/cmTC_eb908.dir/CheckSymbolExists.c.o  -o cmTC_eb908 
CMakeFiles/cmTC_eb908.dir/CheckSymbolExists.c.o: In function `main':
CheckSymbolExists.c:(.text+0x2c): undefined reference to `pthread_create'
collect2: error: ld returned 1 exit status
CMakeFiles/cmTC_eb908.dir/build.make:97: recipe for target 'cmTC_eb908' failed
make[1]: *** [cmTC_eb908] Error 1
make[1]: Leaving directory '/home/geffen-pi/sparrowhawk/control_center_ws/build/CMakeFiles/CMakeTmp'
Makefile:126: recipe for target 'cmTC_eb908/fast' failed
make: *** [cmTC_eb908/fast] Error 2

File /home/geffen-pi/sparrowhawk/control_center_ws/build/CMakeFiles/CMakeTmp/CheckSymbolExists.c:
/* */
#include <pthread.h>

int main(int argc, char** argv)
{
  (void)argv;
#ifndef pthread_create
  return ((int*)(&pthread_create))[argc];
#else
  (void)argc;
  return 0;
#endif
}

Determining if the function pthread_create exists in the pthreads failed with the following output:
Change Dir: /home/geffen-pi/sparrowhawk/control_center_ws/build/CMakeFiles/CMakeTmp

Run Build Command:"/usr/bin/make" "cmTC_cf599/fast"
/usr/bin/make -f CMakeFiles/cmTC_cf599.dir/build.make CMakeFiles/cmTC_cf599.dir/build
make[1]: Entering directory '/home/geffen-pi/sparrowhawk/control_center_ws/build/CMakeFiles/CMakeTmp'
Building C object CMakeFiles/cmTC_cf599.dir/CheckFunctionExists.c.o
/usr/bin/cc   -DCHECK_FUNCTION_EXISTS=pthread_create   -o CMakeFiles/cmTC_cf599.dir/CheckFunctionExists.c.o   -c /usr/share/cmake-3.10/Modules/CheckFunctionExists.c
Linking C executable cmTC_cf599
/usr/bin/cmake -E cmake_link_script CMakeFiles/cmTC_cf599.dir/link.txt --verbose=1
/usr/bin/cc  -DCHECK_FUNCTION_EXISTS=pthread_create    -rdynamic CMakeFiles/cmTC_cf599.dir/CheckFunctionExists.c.o  -o cmTC_cf599 -lpthreads 
/usr/bin/ld: cannot find -lpthreads
collect2: error: ld returned 1 exit status
CMakeFiles/cmTC_cf599.dir/build.make:97: recipe for target 'cmTC_cf599' failed
make[1]: *** [cmTC_cf599] Error 1
make[1]: Leaving directory '/home/geffen-pi/sparrowhawk/control_center_ws/build/CMakeFiles/CMakeTmp'
Makefile:126: recipe for target 'cmTC_cf599/fast' failed
make: *** [cmTC_cf599/fast] Error 2


